


ARM Macro Assembler    Page 1 


    1 00000000                 AREA             RESET, DATA, READONLY
    2 00000000                 EXPORT           __Vectors
    3 00000000         
    4 00000000         __Vectors
    5 00000000 10001000        DCD              0x10001000
    6 00000004 00000000        DCD              Reset_Handler
    7 00000008                 ALIGN
    8 00000008                 AREA             mycode, CODE, READONLY
    9 00000000                 ENTRY
   10 00000000                 EXPORT           Reset_Handler
   11 00000000         Reset_Handler
   12 00000000 480A            LDR              R0, =N
   13 00000002 4A0B            LDR              R2, =M
   14 00000004 F04F 0305       MOV              R3, #5
   15 00000008         
   16 00000008 F850 1B04 
                       BACK    LDR              R1, [R0], #4
   17 0000000C F842 1B04       STR              R1, [R2], #4
   18 00000010 3B01            SUBS             R3, #1
   19 00000012 D1F9            BNE              BACK
   20 00000014         
   21 00000014 E7FE    STOP    B                STOP
   22 00000016 00 00 00000001 
              00000002 
              00000003 
              00000004 
              00000005 N       DCD              0x1, 0x2, 0x3, 0x4, 0x5
   23 0000002C 00000000 
              00000000         AREA             mydata, DATA, READWRITE
   24 00000000 00000000 
                       M       DCD              0
   25 00000004                 END
Command Line: --debug --xref --cpu=Cortex-M3 --apcs=interwork --depend=copy_arr
ay.d -ocopy_array.o -IC:\Keil\ARM\RV31\INC -IC:\Keil\ARM\CMSIS\Include -IC:\Kei
l\ARM\Inc\NXP\LPC17xx --predefine="__EVAL SETA 1" --list=copy_array.lst copy_ar
ray.asm



ARM Macro Assembler    Page 1 Alphabetic symbol ordering
Relocatable symbols

RESET 00000000

Symbol: RESET
   Definitions
      At line 1 in file copy_array.asm
   Uses
      None
Comment: RESET unused
__Vectors 00000000

Symbol: __Vectors
   Definitions
      At line 4 in file copy_array.asm
   Uses
      At line 2 in file copy_array.asm
Comment: __Vectors used once
2 symbols



ARM Macro Assembler    Page 1 Alphabetic symbol ordering
Relocatable symbols

BACK 00000008

Symbol: BACK
   Definitions
      At line 16 in file copy_array.asm
   Uses
      At line 19 in file copy_array.asm
Comment: BACK used once
N 00000018

Symbol: N
   Definitions
      At line 22 in file copy_array.asm
   Uses
      At line 12 in file copy_array.asm
Comment: N used once
Reset_Handler 00000000

Symbol: Reset_Handler
   Definitions
      At line 11 in file copy_array.asm
   Uses
      At line 6 in file copy_array.asm
      At line 10 in file copy_array.asm

STOP 00000014

Symbol: STOP
   Definitions
      At line 21 in file copy_array.asm
   Uses
      At line 21 in file copy_array.asm
Comment: STOP used once
mycode 00000000

Symbol: mycode
   Definitions
      At line 8 in file copy_array.asm
   Uses
      None
Comment: mycode unused
5 symbols



ARM Macro Assembler    Page 1 Alphabetic symbol ordering
Relocatable symbols

M 00000000

Symbol: M
   Definitions
      At line 24 in file copy_array.asm
   Uses
      At line 13 in file copy_array.asm
Comment: M used once
mydata 00000000

Symbol: mydata
   Definitions
      At line 23 in file copy_array.asm
   Uses
      None
Comment: mydata unused
2 symbols
342 symbols in table
